# JRE version: Java(TM) SE Runtime Environment (8.0_131-b11) (build 1.8.0_131-b11)
# Java VM: Java HotSpot(TM) 64-Bit Server VM (25.131-b11 mixed mode linux-amd64 compressed oops)
Heap:
 PSYoungGen      total 253952K, used 161604K [0x00000000d7000000, 0x00000000ef880000, 0x0000000100000000)
  eden space 243712K, 62% used [0x00000000d7000000,0x00000000e03d5500,0x00000000e5e00000)
  from space 10240K, 99% used [0x00000000e5e00000,0x00000000e67fbe08,0x00000000e6800000)
  to   space 12288K, 0% used [0x00000000eec80000,0x00000000eec80000,0x00000000ef880000)
 ParOldGen       total 49152K, used 13666K [0x0000000085000000, 0x0000000088000000, 0x00000000d7000000)
  object space 49152K, 27% used [0x0000000085000000,0x0000000085d58888,0x0000000088000000)
 Metaspace       used 38851K, capacity 40318K, committed 40576K, reserved 1085440K
  class space    used 4701K, capacity 4982K, committed 4992K, reserved 1048576K
GC Heap History (10 events):
Event: 165.630 GC heap before
{Heap before GC invocations=7 (full 1):
 PSYoungGen      total 68608K, used 26695K [0x00000000d7000000, 0x00000000dff00000, 0x0000000100000000)
  eden space 63488K, 34% used [0x00000000d7000000,0x00000000d8519850,0x00000000dae00000)
  from space 5120K, 99% used [0x00000000dae00000,0x00000000db2f86a0,0x00000000db300000)
  to   space 10240K, 0% used [0x00000000df500000,0x00000000df500000,0x00000000dff00000)
 ParOldGen       total 46080K, used 12137K [0x0000000085000000, 0x0000000087d00000, 0x00000000d7000000)
  object space 46080K, 26% used [0x0000000085000000,0x0000000085bda620,0x0000000087d00000)
 Metaspace       used 34517K, capacity 35238K, committed 35496K, reserved 1081344K
  class space    used 4251K, capacity 4432K, committed 4480K, reserved 1048576K
Event: 165.637 GC heap after
Heap after GC invocations=7 (full 1):
 PSYoungGen      total 136192K, used 4091K [0x00000000d7000000, 0x00000000dff80000, 0x0000000100000000)
  eden space 125952K, 0% used [0x00000000d7000000,0x00000000d7000000,0x00000000deb00000)
  from space 10240K, 39% used [0x00000000df500000,0x00000000df8fef78,0x00000000dff00000)
  to   space 10240K, 0% used [0x00000000deb00000,0x00000000deb00000,0x00000000df500000)
 ParOldGen       total 46080K, used 12145K [0x0000000085000000, 0x0000000087d00000, 0x00000000d7000000)
  object space 46080K, 26% used [0x0000000085000000,0x0000000085bdc620,0x0000000087d00000)
 Metaspace       used 34517K, capacity 35238K, committed 35496K, reserved 1081344K
  class space    used 4251K, capacity 4432K, committed 4480K, reserved 1048576K
}
Event: 165.637 GC heap before
{Heap before GC invocations=8 (full 2):
 PSYoungGen      total 136192K, used 4091K [0x00000000d7000000, 0x00000000dff80000, 0x0000000100000000)
  eden space 125952K, 0% used [0x00000000d7000000,0x00000000d7000000,0x00000000deb00000)
  from space 10240K, 39% used [0x00000000df500000,0x00000000df8fef78,0x00000000dff00000)
  to   space 10240K, 0% used [0x00000000deb00000,0x00000000deb00000,0x00000000df500000)
 ParOldGen       total 46080K, used 12145K [0x0000000085000000, 0x0000000087d00000, 0x00000000d7000000)
  object space 46080K, 26% used [0x0000000085000000,0x0000000085bdc620,0x0000000087d00000)
 Metaspace       used 34517K, capacity 35238K, committed 35496K, reserved 1081344K
  class space    used 4251K, capacity 4432K, committed 4480K, reserved 1048576K
Event: 165.699 GC heap after
Heap after GC invocations=8 (full 2):
 PSYoungGen      total 136192K, used 0K [0x00000000d7000000, 0x00000000dff80000, 0x0000000100000000)
  eden space 125952K, 0% used [0x00000000d7000000,0x00000000d7000000,0x00000000deb00000)
  from space 10240K, 0% used [0x00000000df500000,0x00000000df500000,0x00000000dff00000)
  to   space 10240K, 0% used [0x00000000deb00000,0x00000000deb00000,0x00000000df500000)
 ParOldGen       total 49152K, used 11120K [0x0000000085000000, 0x0000000088000000, 0x00000000d7000000)
  object space 49152K, 22% used [0x0000000085000000,0x0000000085adc398,0x0000000088000000)
 Metaspace       used 34517K, capacity 35238K, committed 35496K, reserved 1081344K
  class space    used 4251K, capacity 4432K, committed 4480K, reserved 1048576K
}
Event: 312.183 GC heap before
{Heap before GC invocations=9 (full 2):
 PSYoungGen      total 136192K, used 125952K [0x00000000d7000000, 0x00000000dff80000, 0x0000000100000000)
  eden space 125952K, 100% used [0x00000000d7000000,0x00000000deb00000,0x00000000deb00000)
  from space 10240K, 0% used [0x00000000df500000,0x00000000df500000,0x00000000dff00000)
  to   space 10240K, 0% used [0x00000000deb00000,0x00000000deb00000,0x00000000df500000)
 ParOldGen       total 49152K, used 11120K [0x0000000085000000, 0x0000000088000000, 0x00000000d7000000)
  object space 49152K, 22% used [0x0000000085000000,0x0000000085adc398,0x0000000088000000)
 Metaspace       used 37285K, capacity 38540K, committed 38656K, reserved 1083392K
  class space    used 4608K, capacity 4863K, committed 4864K, reserved 1048576K
Event: 312.195 GC heap after
Heap after GC invocations=9 (full 2):
 PSYoungGen      total 136192K, used 5750K [0x00000000d7000000, 0x00000000e7300000, 0x0000000100000000)
  eden space 125952K, 0% used [0x00000000d7000000,0x00000000d7000000,0x00000000deb00000)
  from space 10240K, 56% used [0x00000000deb00000,0x00000000df09d878,0x00000000df500000)
  to   space 9728K, 0% used [0x00000000e6980000,0x00000000e6980000,0x00000000e7300000)
 ParOldGen       total 49152K, used 11128K [0x0000000085000000, 0x0000000088000000, 0x00000000d7000000)
  object space 49152K, 22% used [0x0000000085000000,0x0000000085ade398,0x0000000088000000)
 Metaspace       used 37285K, capacity 38540K, committed 38656K, reserved 1083392K
  class space    used 4608K, capacity 4863K, committed 4864K, reserved 1048576K
}
Event: 346.785 GC heap before
{Heap before GC invocations=10 (full 2):
 PSYoungGen      total 136192K, used 131702K [0x00000000d7000000, 0x00000000e7300000, 0x0000000100000000)
  eden space 125952K, 100% used [0x00000000d7000000,0x00000000deb00000,0x00000000deb00000)
  from space 10240K, 56% used [0x00000000deb00000,0x00000000df09d878,0x00000000df500000)
  to   space 9728K, 0% used [0x00000000e6980000,0x00000000e6980000,0x00000000e7300000)
 ParOldGen       total 49152K, used 11128K [0x0000000085000000, 0x0000000088000000, 0x00000000d7000000)
  object space 49152K, 22% used [0x0000000085000000,0x0000000085ade398,0x0000000088000000)
 Metaspace       used 37514K, capacity 38750K, committed 39040K, reserved 1083392K
  class space    used 4612K, capacity 4866K, committed 4992K, reserved 1048576K
Event: 346.793 GC heap after
Heap after GC invocations=10 (full 2):
 PSYoungGen      total 252416K, used 7900K [0x00000000d7000000, 0x00000000e7200000, 0x0000000100000000)
  eden space 243712K, 0% used [0x00000000d7000000,0x00000000d7000000,0x00000000e5e00000)
  from space 8704K, 90% used [0x00000000e6980000,0x00000000e71372c8,0x00000000e7200000)
  to   space 10240K, 0% used [0x00000000e5e00000,0x00000000e5e00000,0x00000000e6800000)
 ParOldGen       total 49152K, used 11136K [0x0000000085000000, 0x0000000088000000, 0x00000000d7000000)
  object space 49152K, 22% used [0x0000000085000000,0x0000000085ae0398,0x0000000088000000)
 Metaspace       used 37514K, capacity 38750K, committed 39040K, reserved 1083392K
  class space    used 4612K, capacity 4866K, committed 4992K, reserved 1048576K
}
Event: 514.029 GC heap before
{Heap before GC invocations=11 (full 2):
 PSYoungGen      total 252416K, used 251612K [0x00000000d7000000, 0x00000000e7200000, 0x0000000100000000)
  eden space 243712K, 100% used [0x00000000d7000000,0x00000000e5e00000,0x00000000e5e00000)
  from space 8704K, 90% used [0x00000000e6980000,0x00000000e71372c8,0x00000000e7200000)
  to   space 10240K, 0% used [0x00000000e5e00000,0x00000000e5e00000,0x00000000e6800000)
 ParOldGen       total 49152K, used 11136K [0x0000000085000000, 0x0000000088000000, 0x00000000d7000000)
  object space 49152K, 22% used [0x0000000085000000,0x0000000085ae0398,0x0000000088000000)
 Metaspace       used 38507K, capacity 39922K, committed 40064K, reserved 1085440K
  class space    used 4696K, capacity 4980K, committed 4992K, reserved 1048576K
Event: 514.039 GC heap after
Heap after GC invocations=11 (full 2):
 PSYoungGen      total 253952K, used 10223K [0x00000000d7000000, 0x00000000ef880000, 0x0000000100000000)
  eden space 243712K, 0% used [0x00000000d7000000,0x00000000d7000000,0x00000000e5e00000)
  from space 10240K, 99% used [0x00000000e5e00000,0x00000000e67fbe08,0x00000000e6800000)
  to   space 12288K, 0% used [0x00000000eec80000,0x00000000eec80000,0x00000000ef880000)
 ParOldGen       total 49152K, used 13666K [0x0000000085000000, 0x0000000088000000, 0x00000000d7000000)
  object space 49152K, 27% used [0x0000000085000000,0x0000000085d58888,0x0000000088000000)
 Metaspace       used 38507K, capacity 39922K, committed 40064K, reserved 1085440K
  class space    used 4696K, capacity 4980K, committed 4992K, reserved 1048576K
}

